<?xml version="1.0" encoding="UTF-8"?>
<!-- Generated by org.testng.reporters.JUnitReportReporter -->
<testsuite hostname="LAPTOP-00LJ2F6F" failures="0" tests="3" name="test.HomePageTest" time="0.013" errors="0" timestamp="2022-03-09T22:02:59 IST" skipped="0">
  <testcase classname="test.HomePageTest" name="test6" time="0.011"/>
  <system-out/>
  <testcase classname="test.HomePageTest" name="test7" time="0.001"/>
  <system-out/>
  <testcase classname="test.HomePageTest" name="test3" time="0.001"/>
  <system-out/>
</testsuite> <!-- test.HomePageTest -->
