<?xml version="1.0" encoding="UTF-8"?>
<!-- Generated by org.testng.reporters.JUnitReportReporter -->
<testsuite hostname="LAPTOP-00LJ2F6F" failures="0" tests="3" name="test.AnnotationExample" time="0.013" errors="0" timestamp="2022-03-09T21:54:27 IST" skipped="0">
  <testcase classname="test.AnnotationExample" name="test5" time="0.008"/>
  <system-out/>
  <testcase classname="test.AnnotationExample" name="test1" time="0.003"/>
  <system-out/>
  <testcase classname="test.AnnotationExample" name="test2" time="0.002"/>
  <system-out/>
</testsuite> <!-- test.AnnotationExample -->
